rm -f benchmark-naive benchmark-blocked benchmark-blas benchmark.o dgemm-naive.o dgemm-blocked.o dgemm-blas.o
gcc                          -c -Wall -std=gnu99 -O0        benchmark.c
gcc                          -c -Wall -std=gnu99 -O0        dgemm-naive.c
gcc                          -o benchmark-naive benchmark.o dgemm-naive.o -L/cluster/apps/gcc-11.4.0/openblas-0.3.20-ssgo6yxxzud3xbfabkvv77e6lpnq7hep -lopenblas              
gcc                          -c -Wall -std=gnu99 -O0        -O3 -march=native -DBLOCK_SIZE=64 dgemm-blocked.c
gcc                          -o benchmark-blocked benchmark.o dgemm-blocked.o -L/cluster/apps/gcc-11.4.0/openblas-0.3.20-ssgo6yxxzud3xbfabkvv77e6lpnq7hep -lopenblas              
gcc                          -c -Wall -std=gnu99 -O0        dgemm-blas.c
gcc                          -o benchmark-blas benchmark.o dgemm-blas.o -L/cluster/apps/gcc-11.4.0/openblas-0.3.20-ssgo6yxxzud3xbfabkvv77e6lpnq7hep -lopenblas              
==== benchmark-naive ======================
# Description:	Naive, three-loop dgemm.

Size:       31	Gflop/s:     0.33	Percentage:    0.85
Size:       32	Gflop/s:     0.32	Percentage:    0.82
Size:       96	Gflop/s:     0.35	Percentage:    0.88
Size:       97	Gflop/s:     0.35	Percentage:    0.88
Size:      127	Gflop/s:     0.43	Percentage:    1.10
Size:      128	Gflop/s:     0.50	Percentage:    1.27
Size:      129	Gflop/s:     0.51	Percentage:    1.31
Size:      191	Gflop/s:     0.51	Percentage:    1.30
Size:      192	Gflop/s:     0.51	Percentage:    1.31
Size:      229	Gflop/s:     0.51	Percentage:    1.30
Size:      255	Gflop/s:     0.51	Percentage:    1.30
Size:      256	Gflop/s:     0.50	Percentage:    1.27
Size:      257	Gflop/s:     0.51	Percentage:    1.30
Size:      319	Gflop/s:     0.51	Percentage:    1.30
Size:      320	Gflop/s:     0.52	Percentage:    1.32
Size:      321	Gflop/s:     0.51	Percentage:    1.30
Size:      417	Gflop/s:     0.51	Percentage:    1.31
Size:      479	Gflop/s:     0.51	Percentage:    1.30
Size:      480	Gflop/s:     0.51	Percentage:    1.30
Size:      511	Gflop/s:     0.51	Percentage:    1.30
Size:      512	Gflop/s:     0.42	Percentage:    1.07
Size:      639	Gflop/s:     0.51	Percentage:    1.31
Size:      640	Gflop/s:     0.50	Percentage:    1.28
# Average percentage of peak performance = 1.20381

==== benchmark-blas =======================
# Description:	Reference dgemm.

Size:       31	Gflop/s:    24.83	Percentage:   63.35
Size:       32	Gflop/s:    20.31	Percentage:   51.82
Size:       96	Gflop/s:    35.11	Percentage:   89.56
Size:       97	Gflop/s:    34.30	Percentage:   87.51
Size:      127	Gflop/s:    36.78	Percentage:   93.84
Size:      128	Gflop/s:    37.82	Percentage:   96.47
Size:      129	Gflop/s:    37.43	Percentage:   95.49
Size:      191	Gflop/s:    40.55	Percentage:  103.44
Size:      192	Gflop/s:    42.13	Percentage:  107.47
Size:      229	Gflop/s:    42.67	Percentage:  108.84
Size:      255	Gflop/s:    43.12	Percentage:  110.01
Size:      256	Gflop/s:    44.25	Percentage:  112.89
Size:      257	Gflop/s:    43.09	Percentage:  109.93
Size:      319	Gflop/s:    44.35	Percentage:  113.13
Size:      320	Gflop/s:    46.11	Percentage:  117.63
Size:      321	Gflop/s:    45.63	Percentage:  116.40
Size:      417	Gflop/s:    47.39	Percentage:  120.90
Size:      479	Gflop/s:    46.93	Percentage:  119.72
Size:      480	Gflop/s:    48.37	Percentage:  123.40
Size:      511	Gflop/s:    46.52	Percentage:  118.68
Size:      512	Gflop/s:    45.81	Percentage:  116.85
Size:      639	Gflop/s:    48.18	Percentage:  122.90
Size:      640	Gflop/s:    49.09	Percentage:  125.22
# Average percentage of peak performance = 105.454

==== benchmark-blocked ====================
# Description:	Blocked dgemm.

Size:       31	Gflop/s:    13.15	Percentage:   33.53
Size:       32	Gflop/s:    14.78	Percentage:   37.69
Size:       96	Gflop/s:    17.05	Percentage:   43.49
Size:       97	Gflop/s:    17.45	Percentage:   44.52
Size:      127	Gflop/s:    17.01	Percentage:   43.40
Size:      128	Gflop/s:    17.71	Percentage:   45.17
Size:      129	Gflop/s:    18.68	Percentage:   47.65
Size:      191	Gflop/s:    16.57	Percentage:   42.26
Size:      192	Gflop/s:    16.77	Percentage:   42.78
Size:      229	Gflop/s:    16.74	Percentage:   42.71
Size:      255	Gflop/s:    16.85	Percentage:   42.99
Size:      256	Gflop/s:    18.02	Percentage:   45.96
Size:      257	Gflop/s:    16.74	Percentage:   42.71
Size:      319	Gflop/s:    15.93	Percentage:   40.64
Size:      320	Gflop/s:    16.70	Percentage:   42.59
Size:      321	Gflop/s:    15.90	Percentage:   40.56
Size:      417	Gflop/s:    16.49	Percentage:   42.06
Size:      479	Gflop/s:    15.87	Percentage:   40.49
Size:      480	Gflop/s:    16.44	Percentage:   41.93
Size:      511	Gflop/s:    15.82	Percentage:   40.35
Size:      512	Gflop/s:    16.51	Percentage:   42.11
Size:      639	Gflop/s:    15.90	Percentage:   40.55
Size:      640	Gflop/s:    16.54	Percentage:   42.20
# Average percentage of peak performance = 42.1018

==== plot results =========================
