rm -f benchmark-naive benchmark-blocked benchmark-blas benchmark.o dgemm-naive.o dgemm-blocked.o dgemm-blas.o
gcc                          -c -Wall -std=gnu99 -O0                          benchmark.c
gcc                          -c -Wall -std=gnu99 -O0                          dgemm-naive.c
gcc                          -o benchmark-naive benchmark.o dgemm-naive.o -L/cluster/apps/gcc-11.4.0/openblas-0.3.20-ssgo6yxxzud3xbfabkvv77e6lpnq7hep -lopenblas              
gcc                          -c -Wall -std=gnu99 -O0                          dgemm-blocked.c
gcc                          -o benchmark-blocked benchmark.o dgemm-blocked.o -L/cluster/apps/gcc-11.4.0/openblas-0.3.20-ssgo6yxxzud3xbfabkvv77e6lpnq7hep -lopenblas              
gcc                          -c -Wall -std=gnu99 -O0                          dgemm-blas.c
gcc                          -o benchmark-blas benchmark.o dgemm-blas.o -L/cluster/apps/gcc-11.4.0/openblas-0.3.20-ssgo6yxxzud3xbfabkvv77e6lpnq7hep -lopenblas              
==== benchmark-naive ======================
# Description:	Naive, three-loop dgemm.

Size:       31	Gflop/s:     0.34	Percentage:    0.88
Size:       32	Gflop/s:     0.35	Percentage:    0.89
Size:       96	Gflop/s:     0.35	Percentage:    0.90
Size:       97	Gflop/s:     0.36	Percentage:    0.91
Size:      127	Gflop/s:     0.47	Percentage:    1.19
Size:      128	Gflop/s:     0.51	Percentage:    1.29
Size:      129	Gflop/s:     0.52	Percentage:    1.32
Size:      191	Gflop/s:     0.52	Percentage:    1.32
Size:      192	Gflop/s:     0.51	Percentage:    1.31
Size:      229	Gflop/s:     0.52	Percentage:    1.31
Size:      255	Gflop/s:     0.52	Percentage:    1.31
Size:      256	Gflop/s:     0.50	Percentage:    1.27
Size:      257	Gflop/s:     0.52	Percentage:    1.31
Size:      319	Gflop/s:     0.52	Percentage:    1.32
Size:      320	Gflop/s:     0.51	Percentage:    1.31
Size:      321	Gflop/s:     0.52	Percentage:    1.32
Size:      417	Gflop/s:     0.52	Percentage:    1.32
Size:      479	Gflop/s:     0.52	Percentage:    1.32
Size:      480	Gflop/s:     0.52	Percentage:    1.32
Size:      511	Gflop/s:     0.51	Percentage:    1.31
Size:      512	Gflop/s:     0.43	Percentage:    1.09
Size:      639	Gflop/s:     0.52	Percentage:    1.32
Size:      640	Gflop/s:     0.50	Percentage:    1.27
# Average percentage of peak performance = 1.22256

==== benchmark-blas =======================
# Description:	Reference dgemm.

Size:       31	Gflop/s:    24.78	Percentage:   63.22
Size:       32	Gflop/s:    20.27	Percentage:   51.72
Size:       96	Gflop/s:    35.14	Percentage:   89.64
Size:       97	Gflop/s:    34.32	Percentage:   87.55
Size:      127	Gflop/s:    36.76	Percentage:   93.77
Size:      128	Gflop/s:    37.75	Percentage:   96.30
Size:      129	Gflop/s:    37.34	Percentage:   95.24
Size:      191	Gflop/s:    40.68	Percentage:  103.77
Size:      192	Gflop/s:    42.02	Percentage:  107.20
Size:      229	Gflop/s:    42.60	Percentage:  108.68
Size:      255	Gflop/s:    42.99	Percentage:  109.67
Size:      256	Gflop/s:    44.13	Percentage:  112.58
Size:      257	Gflop/s:    43.29	Percentage:  110.43
Size:      319	Gflop/s:    44.41	Percentage:  113.28
Size:      320	Gflop/s:    46.07	Percentage:  117.53
Size:      321	Gflop/s:    45.59	Percentage:  116.31
Size:      417	Gflop/s:    47.52	Percentage:  121.23
Size:      479	Gflop/s:    47.06	Percentage:  120.06
Size:      480	Gflop/s:    48.50	Percentage:  123.72
Size:      511	Gflop/s:    46.33	Percentage:  118.18
Size:      512	Gflop/s:    45.93	Percentage:  117.16
Size:      639	Gflop/s:    48.13	Percentage:  122.78
Size:      640	Gflop/s:    48.81	Percentage:  124.51
# Average percentage of peak performance = 105.414

==== benchmark-blocked ====================
# Description:	Blocked dgemm.

Size:       31	Gflop/s:     0.53	Percentage:    1.35
Size:       32	Gflop/s:     0.53	Percentage:    1.36
Size:       96	Gflop/s:     0.53	Percentage:    1.35
Size:       97	Gflop/s:     0.53	Percentage:    1.35
Size:      127	Gflop/s:     0.53	Percentage:    1.36
Size:      128	Gflop/s:     0.52	Percentage:    1.33
Size:      129	Gflop/s:     0.52	Percentage:    1.34
Size:      191	Gflop/s:     0.53	Percentage:    1.35
Size:      192	Gflop/s:     0.52	Percentage:    1.32
Size:      229	Gflop/s:     0.52	Percentage:    1.33
Size:      255	Gflop/s:     0.53	Percentage:    1.34
Size:      256	Gflop/s:     0.51	Percentage:    1.31
Size:      257	Gflop/s:     0.52	Percentage:    1.33
Size:      319	Gflop/s:     0.53	Percentage:    1.34
Size:      320	Gflop/s:     0.51	Percentage:    1.31
Size:      321	Gflop/s:     0.52	Percentage:    1.32
Size:      417	Gflop/s:     0.52	Percentage:    1.33
Size:      479	Gflop/s:     0.52	Percentage:    1.33
Size:      480	Gflop/s:     0.52	Percentage:    1.32
Size:      511	Gflop/s:     0.52	Percentage:    1.34
Size:      512	Gflop/s:     0.52	Percentage:    1.32
Size:      639	Gflop/s:     0.52	Percentage:    1.33
Size:      640	Gflop/s:     0.51	Percentage:    1.31
# Average percentage of peak performance = 1.3334

==== plot results =========================
