rm -f benchmark-naive benchmark-blocked benchmark-blas benchmark.o dgemm-naive.o dgemm-blocked.o dgemm-blas.o
gcc                          -c -Wall -std=gnu99 -O0        benchmark.c
gcc                          -c -Wall -std=gnu99 -O0        dgemm-naive.c
gcc                          -o benchmark-naive benchmark.o dgemm-naive.o -L/cluster/apps/gcc-11.4.0/openblas-0.3.20-ssgo6yxxzud3xbfabkvv77e6lpnq7hep -lopenblas              
gcc                          -c -Wall -std=gnu99 -O0        -O3 -march=native dgemm-blocked.c
gcc                          -o benchmark-blocked benchmark.o dgemm-blocked.o -L/cluster/apps/gcc-11.4.0/openblas-0.3.20-ssgo6yxxzud3xbfabkvv77e6lpnq7hep -lopenblas              
gcc                          -c -Wall -std=gnu99 -O0        dgemm-blas.c
gcc                          -o benchmark-blas benchmark.o dgemm-blas.o -L/cluster/apps/gcc-11.4.0/openblas-0.3.20-ssgo6yxxzud3xbfabkvv77e6lpnq7hep -lopenblas              
==== benchmark-naive ======================
# Description:	Naive, three-loop dgemm.

Size:       31	Gflop/s:     0.38	Percentage:    0.97
Size:       32	Gflop/s:     0.38	Percentage:    0.97
Size:       96	Gflop/s:     0.38	Percentage:    0.98
Size:       97	Gflop/s:     0.42	Percentage:    1.07
Size:      127	Gflop/s:     0.42	Percentage:    1.08
Size:      128	Gflop/s:     0.44	Percentage:    1.13
Size:      129	Gflop/s:     0.53	Percentage:    1.35
Size:      191	Gflop/s:     0.53	Percentage:    1.34
Size:      192	Gflop/s:     0.52	Percentage:    1.33
Size:      229	Gflop/s:     0.52	Percentage:    1.33
Size:      255	Gflop/s:     0.53	Percentage:    1.34
Size:      256	Gflop/s:     0.50	Percentage:    1.28
Size:      257	Gflop/s:     0.52	Percentage:    1.33
Size:      319	Gflop/s:     0.53	Percentage:    1.34
Size:      320	Gflop/s:     0.52	Percentage:    1.33
Size:      321	Gflop/s:     0.53	Percentage:    1.34
Size:      417	Gflop/s:     0.53	Percentage:    1.34
Size:      479	Gflop/s:     0.52	Percentage:    1.34
Size:      480	Gflop/s:     0.52	Percentage:    1.34
Size:      511	Gflop/s:     0.52	Percentage:    1.34
Size:      512	Gflop/s:     0.43	Percentage:    1.10
Size:      639	Gflop/s:     0.52	Percentage:    1.33
Size:      640	Gflop/s:     0.50	Percentage:    1.29
# Average percentage of peak performance = 1.2435

==== benchmark-blas =======================
# Description:	Reference dgemm.

Size:       31	Gflop/s:    24.63	Percentage:   62.82
Size:       32	Gflop/s:    20.18	Percentage:   51.47
Size:       96	Gflop/s:    35.18	Percentage:   89.75
Size:       97	Gflop/s:    34.40	Percentage:   87.76
Size:      127	Gflop/s:    36.84	Percentage:   93.97
Size:      128	Gflop/s:    37.74	Percentage:   96.27
Size:      129	Gflop/s:    36.75	Percentage:   93.75
Size:      191	Gflop/s:    40.73	Percentage:  103.89
Size:      192	Gflop/s:    42.06	Percentage:  107.29
Size:      229	Gflop/s:    42.84	Percentage:  109.28
Size:      255	Gflop/s:    42.96	Percentage:  109.59
Size:      256	Gflop/s:    44.14	Percentage:  112.59
Size:      257	Gflop/s:    43.35	Percentage:  110.59
Size:      319	Gflop/s:    44.44	Percentage:  113.37
Size:      320	Gflop/s:    45.89	Percentage:  117.06
Size:      321	Gflop/s:    45.47	Percentage:  115.99
Size:      417	Gflop/s:    47.42	Percentage:  120.98
Size:      479	Gflop/s:    47.19	Percentage:  120.37
Size:      480	Gflop/s:    48.47	Percentage:  123.66
Size:      511	Gflop/s:    46.75	Percentage:  119.26
Size:      512	Gflop/s:    46.51	Percentage:  118.64
Size:      639	Gflop/s:    48.13	Percentage:  122.79
Size:      640	Gflop/s:    49.02	Percentage:  125.04
# Average percentage of peak performance = 105.485

==== benchmark-blocked ====================
# Description:	Blocked dgemm.

Size:       31	Gflop/s:    11.81	Percentage:   30.14
Size:       32	Gflop/s:    14.29	Percentage:   36.46
Size:       96	Gflop/s:    17.15	Percentage:   43.76
Size:       97	Gflop/s:    16.81	Percentage:   42.88
Size:      127	Gflop/s:    15.43	Percentage:   39.37
Size:      128	Gflop/s:    14.87	Percentage:   37.93
Size:      129	Gflop/s:    15.47	Percentage:   39.46
Size:      191	Gflop/s:    15.91	Percentage:   40.58
Size:      192	Gflop/s:    15.26	Percentage:   38.93
Size:      229	Gflop/s:    15.52	Percentage:   39.59
Size:      255	Gflop/s:    15.25	Percentage:   38.91
Size:      256	Gflop/s:    14.35	Percentage:   36.61
Size:      257	Gflop/s:    15.34	Percentage:   39.12
Size:      319	Gflop/s:    15.52	Percentage:   39.59
Size:      320	Gflop/s:    14.88	Percentage:   37.96
Size:      321	Gflop/s:    15.56	Percentage:   39.69
Size:      417	Gflop/s:    15.64	Percentage:   39.89
Size:      479	Gflop/s:    15.42	Percentage:   39.34
Size:      480	Gflop/s:    14.98	Percentage:   38.22
Size:      511	Gflop/s:    14.56	Percentage:   37.15
Size:      512	Gflop/s:    13.37	Percentage:   34.12
Size:      639	Gflop/s:    15.04	Percentage:   38.36
Size:      640	Gflop/s:    14.48	Percentage:   36.95
# Average percentage of peak performance = 38.4788

==== plot results =========================
