-------------------------------------------------------------
STREAM version $Revision: 5.10 $
-------------------------------------------------------------
This system uses 8 bytes per array element.
-------------------------------------------------------------
Array size = 20000000 (elements), Offset = 0 (elements)
Memory per array = 152.6 MiB (= 0.1 GiB).
Total memory required = 457.8 MiB (= 0.4 GiB).
Each kernel will be executed 20 times.
 The *best* time for each kernel (excluding the first iteration)
 will be used to compute the reported bandwidth.
-------------------------------------------------------------
Your clock granularity/precision appears to be 1 microseconds.
Each test below will take on the order of 8549 microseconds.
   (= 8549 clock ticks)
Increase the size of the arrays if this shows that
you are not getting at least 20 clock ticks per test.
-------------------------------------------------------------
WARNING -- The above is only a rough guideline.
For best results, please be sure you know the
precision of your system timer.
-------------------------------------------------------------
Function    Best Rate MB/s  Avg time     Min time     Max time
Copy:           33877.1     0.009638     0.009446     0.009833
Scale:          24532.1     0.013276     0.013044     0.013395
Add:            25291.3     0.019240     0.018979     0.019639
Triad:          25462.8     0.019118     0.018851     0.019255
-------------------------------------------------------------
Solution Validates: avg error less than 1.000000e-13 on all three arrays
-------------------------------------------------------------
