rm -f benchmark-naive benchmark-blocked benchmark-blas benchmark.o dgemm-naive.o dgemm-blocked.o dgemm-blas.o
gcc                          -c -Wall -std=gnu99 -O0        benchmark.c
gcc                          -c -Wall -std=gnu99 -O0        dgemm-naive.c
gcc                          -o benchmark-naive benchmark.o dgemm-naive.o -L/cluster/apps/gcc-11.4.0/openblas-0.3.20-ssgo6yxxzud3xbfabkvv77e6lpnq7hep -lopenblas              
gcc                          -c -Wall -std=gnu99 -O0        -O3 -march=native dgemm-blocked.c
gcc                          -o benchmark-blocked benchmark.o dgemm-blocked.o -L/cluster/apps/gcc-11.4.0/openblas-0.3.20-ssgo6yxxzud3xbfabkvv77e6lpnq7hep -lopenblas              
gcc                          -c -Wall -std=gnu99 -O0        dgemm-blas.c
gcc                          -o benchmark-blas benchmark.o dgemm-blas.o -L/cluster/apps/gcc-11.4.0/openblas-0.3.20-ssgo6yxxzud3xbfabkvv77e6lpnq7hep -lopenblas              
==== benchmark-naive ======================
# Description:	Naive, three-loop dgemm.

Size:       31	Gflop/s:     0.35	Percentage:    0.89
Size:       32	Gflop/s:     0.35	Percentage:    0.89
Size:       96	Gflop/s:     0.35	Percentage:    0.90
Size:       97	Gflop/s:     0.36	Percentage:    0.92
Size:      127	Gflop/s:     0.48	Percentage:    1.21
Size:      128	Gflop/s:     0.51	Percentage:    1.29
Size:      129	Gflop/s:     0.52	Percentage:    1.32
Size:      191	Gflop/s:     0.52	Percentage:    1.31
Size:      192	Gflop/s:     0.51	Percentage:    1.31
Size:      229	Gflop/s:     0.52	Percentage:    1.31
Size:      255	Gflop/s:     0.52	Percentage:    1.31
Size:      256	Gflop/s:     0.50	Percentage:    1.27
Size:      257	Gflop/s:     0.52	Percentage:    1.31
Size:      319	Gflop/s:     0.52	Percentage:    1.32
Size:      320	Gflop/s:     0.51	Percentage:    1.31
Size:      321	Gflop/s:     0.51	Percentage:    1.31
Size:      417	Gflop/s:     0.52	Percentage:    1.32
Size:      479	Gflop/s:     0.52	Percentage:    1.31
Size:      480	Gflop/s:     0.51	Percentage:    1.31
Size:      511	Gflop/s:     0.51	Percentage:    1.31
Size:      512	Gflop/s:     0.42	Percentage:    1.07
Size:      639	Gflop/s:     0.52	Percentage:    1.32
Size:      640	Gflop/s:     0.50	Percentage:    1.28
Size:      767	Gflop/s:     0.52	Percentage:    1.31
Size:      768	Gflop/s:     0.46	Percentage:    1.18
Size:      769	Gflop/s:     0.52	Percentage:    1.31
Size:      800	Gflop/s:     0.52	Percentage:    1.31
Size:      900	Gflop/s:     0.52	Percentage:    1.32
Size:     1000	Gflop/s:     0.52	Percentage:    1.32
Size:     1100	Gflop/s:     0.52	Percentage:    1.32
Size:     1200	Gflop/s:     0.52	Percentage:    1.32
# Average percentage of peak performance = 1.24269

==== benchmark-blas =======================
# Description:	Reference dgemm.

Size:       31	Gflop/s:    24.89	Percentage:   63.49
Size:       32	Gflop/s:    20.30	Percentage:   51.79
Size:       96	Gflop/s:    35.28	Percentage:   89.99
Size:       97	Gflop/s:    34.44	Percentage:   87.86
Size:      127	Gflop/s:    36.80	Percentage:   93.87
Size:      128	Gflop/s:    37.82	Percentage:   96.48
Size:      129	Gflop/s:    37.38	Percentage:   95.37
Size:      191	Gflop/s:    40.90	Percentage:  104.34
Size:      192	Gflop/s:    42.38	Percentage:  108.11
Size:      229	Gflop/s:    42.83	Percentage:  109.26
Size:      255	Gflop/s:    43.06	Percentage:  109.85
Size:      256	Gflop/s:    44.19	Percentage:  112.72
Size:      257	Gflop/s:    43.52	Percentage:  111.02
Size:      319	Gflop/s:    44.58	Percentage:  113.72
Size:      320	Gflop/s:    46.12	Percentage:  117.66
Size:      321	Gflop/s:    45.66	Percentage:  116.47
Size:      417	Gflop/s:    47.73	Percentage:  121.75
Size:      479	Gflop/s:    47.22	Percentage:  120.46
Size:      480	Gflop/s:    48.52	Percentage:  123.78
Size:      511	Gflop/s:    46.37	Percentage:  118.30
Size:      512	Gflop/s:    45.79	Percentage:  116.82
Size:      639	Gflop/s:    47.75	Percentage:  121.82
Size:      640	Gflop/s:    48.95	Percentage:  124.88
Size:      767	Gflop/s:    48.77	Percentage:  124.41
Size:      768	Gflop/s:    49.29	Percentage:  125.73
Size:      769	Gflop/s:    49.17	Percentage:  125.44
Size:      800	Gflop/s:    50.14	Percentage:  127.90
Size:      900	Gflop/s:    50.34	Percentage:  128.42
Size:     1000	Gflop/s:    50.62	Percentage:  129.14
Size:     1100	Gflop/s:    50.35	Percentage:  128.43
Size:     1200	Gflop/s:    50.80	Percentage:  129.59
# Average percentage of peak performance = 111.254

==== benchmark-blocked ====================
# Description:	Blocked dgemm.

Size:       31	Gflop/s:    12.87	Percentage:   32.82
Size:       32	Gflop/s:    14.33	Percentage:   36.55
Size:       96	Gflop/s:    16.60	Percentage:   42.35
Size:       97	Gflop/s:    17.46	Percentage:   44.55
Size:      127	Gflop/s:    17.14	Percentage:   43.72
Size:      128	Gflop/s:    17.54	Percentage:   44.75
Size:      129	Gflop/s:    18.36	Percentage:   46.83
Size:      191	Gflop/s:    18.22	Percentage:   46.49
Size:      192	Gflop/s:    17.77	Percentage:   45.33
Size:      229	Gflop/s:    17.60	Percentage:   44.91
Size:      255	Gflop/s:    16.81	Percentage:   42.89
Size:      256	Gflop/s:    15.49	Percentage:   39.52
Size:      257	Gflop/s:    15.60	Percentage:   39.79
Size:      319	Gflop/s:    15.60	Percentage:   39.79
Size:      320	Gflop/s:    14.72	Percentage:   37.55
Size:      321	Gflop/s:    15.74	Percentage:   40.16
Size:      417	Gflop/s:    15.92	Percentage:   40.60
Size:      479	Gflop/s:    13.34	Percentage:   34.04
Size:      480	Gflop/s:    13.16	Percentage:   33.56
Size:      511	Gflop/s:    12.95	Percentage:   33.03
Size:      512	Gflop/s:    13.77	Percentage:   35.12
Size:      639	Gflop/s:    14.01	Percentage:   35.75
Size:      640	Gflop/s:    13.95	Percentage:   35.58
Size:      767	Gflop/s:    13.80	Percentage:   35.22
Size:      768	Gflop/s:    13.43	Percentage:   34.26
Size:      769	Gflop/s:    14.25	Percentage:   36.34
Size:      800	Gflop/s:    13.84	Percentage:   35.29
Size:      900	Gflop/s:    12.82	Percentage:   32.70
Size:     1000	Gflop/s:    12.46	Percentage:   31.78
Size:     1100	Gflop/s:    12.81	Percentage:   32.68
Size:     1200	Gflop/s:    12.84	Percentage:   32.75
# Average percentage of peak performance = 38.2807

==== plot results =========================
