rm -f benchmark-naive benchmark-blocked benchmark-blas benchmark.o dgemm-naive.o dgemm-blocked.o dgemm-blas.o
gcc                          -c -Wall -std=gnu99 -O0        benchmark.c
gcc                          -c -Wall -std=gnu99 -O0        dgemm-naive.c
gcc                          -o benchmark-naive benchmark.o dgemm-naive.o -L/cluster/apps/gcc-11.4.0/openblas-0.3.20-ssgo6yxxzud3xbfabkvv77e6lpnq7hep -lopenblas              
gcc                          -c -Wall -std=gnu99 -O0        -O3 -march=native dgemm-blocked.c
gcc                          -o benchmark-blocked benchmark.o dgemm-blocked.o -L/cluster/apps/gcc-11.4.0/openblas-0.3.20-ssgo6yxxzud3xbfabkvv77e6lpnq7hep -lopenblas              
gcc                          -c -Wall -std=gnu99 -O0        dgemm-blas.c
gcc                          -o benchmark-blas benchmark.o dgemm-blas.o -L/cluster/apps/gcc-11.4.0/openblas-0.3.20-ssgo6yxxzud3xbfabkvv77e6lpnq7hep -lopenblas              
==== benchmark-naive ======================
# Description:	Naive, three-loop dgemm.

Size:       31	Gflop/s:     0.34	Percentage:    0.87
Size:       32	Gflop/s:     0.35	Percentage:    0.89
Size:       96	Gflop/s:     0.35	Percentage:    0.89
Size:       97	Gflop/s:     0.36	Percentage:    0.92
Size:      127	Gflop/s:     0.47	Percentage:    1.21
Size:      128	Gflop/s:     0.48	Percentage:    1.24
Size:      129	Gflop/s:     0.51	Percentage:    1.31
Size:      191	Gflop/s:     0.51	Percentage:    1.31
Size:      192	Gflop/s:     0.51	Percentage:    1.30
Size:      229	Gflop/s:     0.51	Percentage:    1.31
Size:      255	Gflop/s:     0.51	Percentage:    1.31
Size:      256	Gflop/s:     0.50	Percentage:    1.27
Size:      257	Gflop/s:     0.51	Percentage:    1.31
Size:      319	Gflop/s:     0.52	Percentage:    1.32
Size:      320	Gflop/s:     0.51	Percentage:    1.31
Size:      321	Gflop/s:     0.52	Percentage:    1.32
Size:      417	Gflop/s:     0.52	Percentage:    1.32
Size:      479	Gflop/s:     0.52	Percentage:    1.32
Size:      480	Gflop/s:     0.52	Percentage:    1.32
Size:      511	Gflop/s:     0.52	Percentage:    1.31
Size:      512	Gflop/s:     0.42	Percentage:    1.06
Size:      639	Gflop/s:     0.52	Percentage:    1.32
Size:      640	Gflop/s:     0.50	Percentage:    1.27
# Average percentage of peak performance = 1.21783

==== benchmark-blas =======================
# Description:	Reference dgemm.

Size:       31	Gflop/s:    24.33	Percentage:   62.06
Size:       32	Gflop/s:    20.08	Percentage:   51.22
Size:       96	Gflop/s:    35.11	Percentage:   89.56
Size:       97	Gflop/s:    34.29	Percentage:   87.48
Size:      127	Gflop/s:    36.63	Percentage:   93.44
Size:      128	Gflop/s:    37.78	Percentage:   96.39
Size:      129	Gflop/s:    37.41	Percentage:   95.44
Size:      191	Gflop/s:    40.72	Percentage:  103.88
Size:      192	Gflop/s:    42.18	Percentage:  107.59
Size:      229	Gflop/s:    42.67	Percentage:  108.85
Size:      255	Gflop/s:    42.92	Percentage:  109.50
Size:      256	Gflop/s:    44.25	Percentage:  112.89
Size:      257	Gflop/s:    43.17	Percentage:  110.12
Size:      319	Gflop/s:    44.35	Percentage:  113.13
Size:      320	Gflop/s:    45.98	Percentage:  117.29
Size:      321	Gflop/s:    45.68	Percentage:  116.52
Size:      417	Gflop/s:    47.54	Percentage:  121.27
Size:      479	Gflop/s:    47.08	Percentage:  120.10
Size:      480	Gflop/s:    48.56	Percentage:  123.88
Size:      511	Gflop/s:    46.39	Percentage:  118.34
Size:      512	Gflop/s:    45.74	Percentage:  116.70
Size:      639	Gflop/s:    48.07	Percentage:  122.63
Size:      640	Gflop/s:    49.00	Percentage:  125.00
# Average percentage of peak performance = 105.359

==== benchmark-blocked ====================
# Description:	Blocked dgemm.

Size:       31	Gflop/s:    11.93	Percentage:   30.44
Size:       32	Gflop/s:    14.24	Percentage:   36.34
Size:       96	Gflop/s:    15.41	Percentage:   39.31
Size:       97	Gflop/s:    16.07	Percentage:   40.99
Size:      127	Gflop/s:    15.33	Percentage:   39.12
Size:      128	Gflop/s:    15.29	Percentage:   39.00
Size:      129	Gflop/s:    14.40	Percentage:   36.73
Size:      191	Gflop/s:    15.37	Percentage:   39.20
Size:      192	Gflop/s:    15.43	Percentage:   39.36
Size:      229	Gflop/s:    16.13	Percentage:   41.16
Size:      255	Gflop/s:    15.43	Percentage:   39.35
Size:      256	Gflop/s:    14.51	Percentage:   37.02
Size:      257	Gflop/s:    14.70	Percentage:   37.49
Size:      319	Gflop/s:    15.64	Percentage:   39.90
Size:      320	Gflop/s:    15.40	Percentage:   39.30
Size:      321	Gflop/s:    15.22	Percentage:   38.83
Size:      417	Gflop/s:    15.71	Percentage:   40.09
Size:      479	Gflop/s:    15.59	Percentage:   39.77
Size:      480	Gflop/s:    14.82	Percentage:   37.81
Size:      511	Gflop/s:    13.90	Percentage:   35.46
Size:      512	Gflop/s:    12.04	Percentage:   30.72
Size:      639	Gflop/s:    14.27	Percentage:   36.40
Size:      640	Gflop/s:    13.00	Percentage:   33.17
# Average percentage of peak performance = 37.6936

==== plot results =========================
