rm -f benchmark-naive benchmark-blocked benchmark-blas benchmark.o dgemm-naive.o dgemm-blocked.o dgemm-blas.o
gcc                          -c -Wall -std=gnu99 -O0        benchmark.c
gcc                          -c -Wall -std=gnu99 -O0        dgemm-naive.c
gcc                          -o benchmark-naive benchmark.o dgemm-naive.o -L/cluster/apps/gcc-11.4.0/openblas-0.3.20-ssgo6yxxzud3xbfabkvv77e6lpnq7hep -lopenblas              
gcc                          -c -Wall -std=gnu99 -O0        dgemm-blocked.c
gcc                          -o benchmark-blocked benchmark.o dgemm-blocked.o -L/cluster/apps/gcc-11.4.0/openblas-0.3.20-ssgo6yxxzud3xbfabkvv77e6lpnq7hep -lopenblas              
gcc                          -c -Wall -std=gnu99 -O0        dgemm-blas.c
gcc                          -o benchmark-blas benchmark.o dgemm-blas.o -L/cluster/apps/gcc-11.4.0/openblas-0.3.20-ssgo6yxxzud3xbfabkvv77e6lpnq7hep -lopenblas              
==== benchmark-naive ======================
# Description:	Naive, three-loop dgemm.

Size:       31	Gflop/s:     0.40	Percentage:    1.03
Size:       32	Gflop/s:     0.42	Percentage:    1.06
Size:       96	Gflop/s:     0.42	Percentage:    1.07
Size:       97	Gflop/s:     0.42	Percentage:    1.07
Size:      127	Gflop/s:     0.41	Percentage:    1.06
Size:      128	Gflop/s:     0.41	Percentage:    1.04
Size:      129	Gflop/s:     0.52	Percentage:    1.34
Size:      191	Gflop/s:     0.51	Percentage:    1.31
Size:      192	Gflop/s:     0.51	Percentage:    1.31
Size:      229	Gflop/s:     0.51	Percentage:    1.31
Size:      255	Gflop/s:     0.51	Percentage:    1.31
Size:      256	Gflop/s:     0.50	Percentage:    1.27
Size:      257	Gflop/s:     0.51	Percentage:    1.31
Size:      319	Gflop/s:     0.52	Percentage:    1.31
Size:      320	Gflop/s:     0.51	Percentage:    1.31
Size:      321	Gflop/s:     0.51	Percentage:    1.31
Size:      417	Gflop/s:     0.52	Percentage:    1.32
Size:      479	Gflop/s:     0.51	Percentage:    1.31
Size:      480	Gflop/s:     0.51	Percentage:    1.31
Size:      511	Gflop/s:     0.52	Percentage:    1.32
Size:      512	Gflop/s:     0.42	Percentage:    1.07
Size:      639	Gflop/s:     0.52	Percentage:    1.32
Size:      640	Gflop/s:     0.50	Percentage:    1.28
# Average percentage of peak performance = 1.23237

==== benchmark-blas =======================
# Description:	Reference dgemm.

Size:       31	Gflop/s:    24.87	Percentage:   63.45
Size:       32	Gflop/s:    20.31	Percentage:   51.81
Size:       96	Gflop/s:    35.03	Percentage:   89.36
Size:       97	Gflop/s:    34.24	Percentage:   87.36
Size:      127	Gflop/s:    36.78	Percentage:   93.81
Size:      128	Gflop/s:    37.78	Percentage:   96.38
Size:      129	Gflop/s:    37.35	Percentage:   95.27
Size:      191	Gflop/s:    40.75	Percentage:  103.94
Size:      192	Gflop/s:    42.16	Percentage:  107.55
Size:      229	Gflop/s:    42.51	Percentage:  108.45
Size:      255	Gflop/s:    42.77	Percentage:  109.11
Size:      256	Gflop/s:    43.91	Percentage:  112.01
Size:      257	Gflop/s:    43.41	Percentage:  110.73
Size:      319	Gflop/s:    44.28	Percentage:  112.97
Size:      320	Gflop/s:    45.77	Percentage:  116.77
Size:      321	Gflop/s:    45.26	Percentage:  115.45
Size:      417	Gflop/s:    47.36	Percentage:  120.83
Size:      479	Gflop/s:    46.91	Percentage:  119.67
Size:      480	Gflop/s:    48.35	Percentage:  123.35
Size:      511	Gflop/s:    46.53	Percentage:  118.69
Size:      512	Gflop/s:    45.60	Percentage:  116.34
Size:      639	Gflop/s:    47.87	Percentage:  122.12
Size:      640	Gflop/s:    48.63	Percentage:  124.07
# Average percentage of peak performance = 105.194

==== benchmark-blocked ====================
# Description:	Blocked dgemm.

Size:       31	Gflop/s:     0.49	Percentage:    1.25
Size:       32	Gflop/s:     0.51	Percentage:    1.31
Size:       96	Gflop/s:     0.56	Percentage:    1.42
Size:       97	Gflop/s:     0.53	Percentage:    1.35
Size:      127	Gflop/s:     0.54	Percentage:    1.37
Size:      128	Gflop/s:     0.54	Percentage:    1.37
Size:      129	Gflop/s:     0.53	Percentage:    1.36
Size:      191	Gflop/s:     0.54	Percentage:    1.37
Size:      192	Gflop/s:     0.53	Percentage:    1.36
Size:      229	Gflop/s:     0.54	Percentage:    1.37
Size:      255	Gflop/s:     0.53	Percentage:    1.36
Size:      256	Gflop/s:     0.54	Percentage:    1.36
Size:      257	Gflop/s:     0.54	Percentage:    1.37
Size:      319	Gflop/s:     0.54	Percentage:    1.37
Size:      320	Gflop/s:     0.54	Percentage:    1.37
Size:      321	Gflop/s:     0.54	Percentage:    1.37
Size:      417	Gflop/s:     0.54	Percentage:    1.37
Size:      479	Gflop/s:     0.54	Percentage:    1.37
Size:      480	Gflop/s:     0.53	Percentage:    1.36
Size:      511	Gflop/s:     0.54	Percentage:    1.37
Size:      512	Gflop/s:     0.54	Percentage:    1.37
Size:      639	Gflop/s:     0.54	Percentage:    1.37
Size:      640	Gflop/s:     0.54	Percentage:    1.37
# Average percentage of peak performance = 1.36056

==== plot results =========================
