rm -f *.o pi_serial pi_omp_critical pi_omp_reduction *.data
/cluster/apps/gcc-4.8.5/gcc-11.4.0-xxnwhndqaqpuzs4l4ty4yj5tg2cexcg4/bin/gcc -c -O2 -fopenmp pi_serial.c
/cluster/apps/gcc-4.8.5/gcc-11.4.0-xxnwhndqaqpuzs4l4ty4yj5tg2cexcg4/bin/gcc -c -O2 -fopenmp walltime.c
/cluster/apps/gcc-4.8.5/gcc-11.4.0-xxnwhndqaqpuzs4l4ty4yj5tg2cexcg4/bin/gcc -O2 -fopenmp pi_serial.o walltime.o -o pi_serial
/cluster/apps/gcc-4.8.5/gcc-11.4.0-xxnwhndqaqpuzs4l4ty4yj5tg2cexcg4/bin/gcc -c -O2 -fopenmp pi_omp_critical.c
/cluster/apps/gcc-4.8.5/gcc-11.4.0-xxnwhndqaqpuzs4l4ty4yj5tg2cexcg4/bin/gcc -O2 -fopenmp pi_omp_critical.o walltime.o -o pi_omp_critical
/cluster/apps/gcc-4.8.5/gcc-11.4.0-xxnwhndqaqpuzs4l4ty4yj5tg2cexcg4/bin/gcc -c -O2 -fopenmp pi_omp_reduction.c
/cluster/apps/gcc-4.8.5/gcc-11.4.0-xxnwhndqaqpuzs4l4ty4yj5tg2cexcg4/bin/gcc -O2 -fopenmp pi_omp_reduction.o walltime.o -o pi_omp_reduction
Strong Scaling
Running with OMP_NUM_THREADS = 1
Serial
pi = 3.141592653589764, N =   1000000, time = 0.00302972 secs

pi = 3.141592653589764, N =   1000000, time = 0.00252404 secs

pi = 3.141592653589764, N =   1000000, time = 0.00190390 secs

pi = 3.141592653589764, N =   1000000, time = 0.00189687 secs

pi = 3.141592653589764, N =   1000000, time = 0.00189429 secs

pi = 3.141592653589764, N =   1000000, time = 0.00189468 secs

pi = 3.141592653589764, N =   1000000, time = 0.00190074 secs

pi = 3.141592653589764, N =   1000000, time = 0.00189369 secs

pi = 3.141592653589764, N =   1000000, time = 0.00189404 secs

pi = 3.141592653589764, N =   1000000, time = 0.00191202 secs

Critical
pi = 3.141592653589764, N =   1000000, time = 0.00190476 secs

pi = 3.141592653589764, N =   1000000, time = 0.00191717 secs

pi = 3.141592653589764, N =   1000000, time = 0.00217043 secs

pi = 3.141592653589764, N =   1000000, time = 0.00190008 secs

pi = 3.141592653589764, N =   1000000, time = 0.00190231 secs

pi = 3.141592653589764, N =   1000000, time = 0.00190650 secs

pi = 3.141592653589764, N =   1000000, time = 0.00229034 secs

pi = 3.141592653589764, N =   1000000, time = 0.00227225 secs

pi = 3.141592653589764, N =   1000000, time = 0.00193021 secs

pi = 3.141592653589764, N =   1000000, time = 0.00189560 secs

Reduction
pi = 3.141592653589764, N =   1000000, time = 0.00190058 secs

pi = 3.141592653589764, N =   1000000, time = 0.00190133 secs

pi = 3.141592653589764, N =   1000000, time = 0.00189741 secs

pi = 3.141592653589764, N =   1000000, time = 0.00191173 secs

pi = 3.141592653589764, N =   1000000, time = 0.00205683 secs

pi = 3.141592653589764, N =   1000000, time = 0.00191075 secs

pi = 3.141592653589764, N =   1000000, time = 0.00189768 secs

pi = 3.141592653589764, N =   1000000, time = 0.00191475 secs

pi = 3.141592653589764, N =   1000000, time = 0.00190192 secs

pi = 3.141592653589764, N =   1000000, time = 0.00189173 secs

Running with OMP_NUM_THREADS = 2
Serial
pi = 3.141592653589764, N =   1000000, time = 0.00189276 secs

pi = 3.141592653589764, N =   1000000, time = 0.00189666 secs

pi = 3.141592653589764, N =   1000000, time = 0.00189422 secs

pi = 3.141592653589764, N =   1000000, time = 0.00189655 secs

pi = 3.141592653589764, N =   1000000, time = 0.00188472 secs

pi = 3.141592653589764, N =   1000000, time = 0.00189477 secs

pi = 3.141592653589764, N =   1000000, time = 0.00191571 secs

pi = 3.141592653589764, N =   1000000, time = 0.00189607 secs

pi = 3.141592653589764, N =   1000000, time = 0.00190158 secs

pi = 3.141592653589764, N =   1000000, time = 0.00189233 secs

Critical
pi = 3.141592653589899, N =   1000000, time = 0.00162081 secs

pi = 3.141592653589899, N =   1000000, time = 0.00161976 secs

pi = 3.141592653589899, N =   1000000, time = 0.00161064 secs

pi = 3.141592653589899, N =   1000000, time = 0.00122969 secs

pi = 3.141592653589899, N =   1000000, time = 0.00123979 secs

pi = 3.141592653589899, N =   1000000, time = 0.00122816 secs

pi = 3.141592653589899, N =   1000000, time = 0.00123359 secs

pi = 3.141592653589899, N =   1000000, time = 0.00123214 secs

pi = 3.141592653589899, N =   1000000, time = 0.00122891 secs

pi = 3.141592653589899, N =   1000000, time = 0.00122736 secs

Reduction
pi = 3.141592653589899, N =   1000000, time = 0.00122982 secs

pi = 3.141592653589899, N =   1000000, time = 0.00123033 secs

pi = 3.141592653589899, N =   1000000, time = 0.00122605 secs

pi = 3.141592653589899, N =   1000000, time = 0.00123075 secs

pi = 3.141592653589899, N =   1000000, time = 0.00123658 secs

pi = 3.141592653589899, N =   1000000, time = 0.00124233 secs

pi = 3.141592653589899, N =   1000000, time = 0.00122505 secs

pi = 3.141592653589899, N =   1000000, time = 0.00126119 secs

pi = 3.141592653589899, N =   1000000, time = 0.00122577 secs

pi = 3.141592653589899, N =   1000000, time = 0.00122959 secs

Running with OMP_NUM_THREADS = 4
Serial
pi = 3.141592653589764, N =   1000000, time = 0.00188512 secs

pi = 3.141592653589764, N =   1000000, time = 0.00192161 secs

pi = 3.141592653589764, N =   1000000, time = 0.00189248 secs

pi = 3.141592653589764, N =   1000000, time = 0.00190833 secs

pi = 3.141592653589764, N =   1000000, time = 0.00190360 secs

pi = 3.141592653589764, N =   1000000, time = 0.00189660 secs

pi = 3.141592653589764, N =   1000000, time = 0.00188941 secs

pi = 3.141592653589764, N =   1000000, time = 0.00208029 secs

pi = 3.141592653589764, N =   1000000, time = 0.00188607 secs

pi = 3.141592653589764, N =   1000000, time = 0.00190592 secs

Critical
pi = 3.141592653589876, N =   1000000, time = 0.00097537 secs

pi = 3.141592653589875, N =   1000000, time = 0.00094587 secs

pi = 3.141592653589875, N =   1000000, time = 0.00092054 secs

pi = 3.141592653589875, N =   1000000, time = 0.00091962 secs

pi = 3.141592653589875, N =   1000000, time = 0.00076197 secs

pi = 3.141592653589876, N =   1000000, time = 0.00072797 secs

pi = 3.141592653589875, N =   1000000, time = 0.00071092 secs

pi = 3.141592653589875, N =   1000000, time = 0.00072670 secs

pi = 3.141592653589875, N =   1000000, time = 0.00075132 secs

pi = 3.141592653589875, N =   1000000, time = 0.00071365 secs

Reduction
pi = 3.141592653589875, N =   1000000, time = 0.00072277 secs

pi = 3.141592653589876, N =   1000000, time = 0.00091356 secs

pi = 3.141592653589875, N =   1000000, time = 0.00080355 secs

pi = 3.141592653589876, N =   1000000, time = 0.00091964 secs

pi = 3.141592653589875, N =   1000000, time = 0.00090446 secs

pi = 3.141592653589875, N =   1000000, time = 0.00092858 secs

pi = 3.141592653589876, N =   1000000, time = 0.00071381 secs

pi = 3.141592653589875, N =   1000000, time = 0.00072705 secs

pi = 3.141592653589875, N =   1000000, time = 0.00072609 secs

pi = 3.141592653589876, N =   1000000, time = 0.00071039 secs

Running with OMP_NUM_THREADS = 8
Serial
pi = 3.141592653589764, N =   1000000, time = 0.00270537 secs

pi = 3.141592653589764, N =   1000000, time = 0.00188592 secs

pi = 3.141592653589764, N =   1000000, time = 0.00189407 secs

pi = 3.141592653589764, N =   1000000, time = 0.00226433 secs

pi = 3.141592653589764, N =   1000000, time = 0.00228194 secs

pi = 3.141592653589764, N =   1000000, time = 0.00226887 secs

pi = 3.141592653589764, N =   1000000, time = 0.00189873 secs

pi = 3.141592653589764, N =   1000000, time = 0.00188990 secs

pi = 3.141592653589764, N =   1000000, time = 0.00191293 secs

pi = 3.141592653589764, N =   1000000, time = 0.00188973 secs

Critical
pi = 3.141592653589871, N =   1000000, time = 0.00071697 secs

pi = 3.141592653589871, N =   1000000, time = 0.00079328 secs

pi = 3.141592653589871, N =   1000000, time = 0.00065338 secs

pi = 3.141592653589871, N =   1000000, time = 0.00064234 secs

pi = 3.141592653589871, N =   1000000, time = 0.00072919 secs

pi = 3.141592653589871, N =   1000000, time = 0.00070117 secs

pi = 3.141592653589871, N =   1000000, time = 0.00063628 secs

pi = 3.141592653589871, N =   1000000, time = 0.00061560 secs

pi = 3.141592653589871, N =   1000000, time = 0.00064034 secs

pi = 3.141592653589871, N =   1000000, time = 0.00067491 secs

Reduction
pi = 3.141592653589871, N =   1000000, time = 0.00063871 secs

pi = 3.141592653589871, N =   1000000, time = 0.00067116 secs

pi = 3.141592653589871, N =   1000000, time = 0.00063013 secs

pi = 3.141592653589871, N =   1000000, time = 0.00064410 secs

pi = 3.141592653589871, N =   1000000, time = 0.00069492 secs

pi = 3.141592653589871, N =   1000000, time = 0.00062089 secs

pi = 3.141592653589871, N =   1000000, time = 0.00062792 secs

pi = 3.141592653589871, N =   1000000, time = 0.00063199 secs

pi = 3.141592653589871, N =   1000000, time = 0.00061440 secs

pi = 3.141592653589871, N =   1000000, time = 0.00067516 secs

Running with OMP_NUM_THREADS = 16
Serial
pi = 3.141592653589764, N =   1000000, time = 0.00226954 secs

pi = 3.141592653589764, N =   1000000, time = 0.00227926 secs

pi = 3.141592653589764, N =   1000000, time = 0.00229996 secs

pi = 3.141592653589764, N =   1000000, time = 0.00226866 secs

pi = 3.141592653589764, N =   1000000, time = 0.00190452 secs

pi = 3.141592653589764, N =   1000000, time = 0.00188698 secs

pi = 3.141592653589764, N =   1000000, time = 0.00189462 secs

pi = 3.141592653589764, N =   1000000, time = 0.00189711 secs

pi = 3.141592653589764, N =   1000000, time = 0.00189250 secs

pi = 3.141592653589764, N =   1000000, time = 0.00189345 secs

Critical
pi = 3.141592653589872, N =   1000000, time = 0.00100495 secs

pi = 3.141592653589872, N =   1000000, time = 0.00114442 secs

pi = 3.141592653589872, N =   1000000, time = 0.00061515 secs

pi = 3.141592653589872, N =   1000000, time = 0.00061755 secs

pi = 3.141592653589872, N =   1000000, time = 0.00062317 secs

pi = 3.141592653589872, N =   1000000, time = 0.00062727 secs

pi = 3.141592653589872, N =   1000000, time = 0.00062981 secs

pi = 3.141592653589872, N =   1000000, time = 0.00058219 secs

pi = 3.141592653589872, N =   1000000, time = 0.00067246 secs

pi = 3.141592653589872, N =   1000000, time = 0.00059340 secs

Reduction
pi = 3.141592653589872, N =   1000000, time = 0.00070850 secs

pi = 3.141592653589872, N =   1000000, time = 0.00062584 secs

pi = 3.141592653589872, N =   1000000, time = 0.00064657 secs

pi = 3.141592653589872, N =   1000000, time = 0.00061084 secs

pi = 3.141592653589873, N =   1000000, time = 0.00059824 secs

pi = 3.141592653589872, N =   1000000, time = 0.00057572 secs

pi = 3.141592653589872, N =   1000000, time = 0.00057811 secs

pi = 3.141592653589872, N =   1000000, time = 0.00066902 secs

pi = 3.141592653589872, N =   1000000, time = 0.00063089 secs

pi = 3.141592653589872, N =   1000000, time = 0.00062268 secs

Running with OMP_NUM_THREADS = 32
Serial
pi = 3.141592653589764, N =   1000000, time = 0.00230311 secs

pi = 3.141592653589764, N =   1000000, time = 0.00189275 secs

pi = 3.141592653589764, N =   1000000, time = 0.00196357 secs

pi = 3.141592653589764, N =   1000000, time = 0.00189288 secs

pi = 3.141592653589764, N =   1000000, time = 0.00188995 secs

pi = 3.141592653589764, N =   1000000, time = 0.00189600 secs

pi = 3.141592653589764, N =   1000000, time = 0.00189701 secs

pi = 3.141592653589764, N =   1000000, time = 0.00193496 secs

pi = 3.141592653589764, N =   1000000, time = 0.00189020 secs

pi = 3.141592653589764, N =   1000000, time = 0.00190745 secs

Critical
pi = 3.141592653589874, N =   1000000, time = 0.00101933 secs

pi = 3.141592653589874, N =   1000000, time = 0.00087047 secs

pi = 3.141592653589874, N =   1000000, time = 0.00135970 secs

pi = 3.141592653589874, N =   1000000, time = 0.00089121 secs

pi = 3.141592653589875, N =   1000000, time = 0.00082908 secs

pi = 3.141592653589875, N =   1000000, time = 0.00085287 secs

pi = 3.141592653589874, N =   1000000, time = 0.00090045 secs

pi = 3.141592653589874, N =   1000000, time = 0.00096477 secs

pi = 3.141592653589874, N =   1000000, time = 0.00104821 secs

pi = 3.141592653589874, N =   1000000, time = 0.00099983 secs

Reduction
pi = 3.141592653589874, N =   1000000, time = 0.00104616 secs

pi = 3.141592653589874, N =   1000000, time = 0.00095245 secs

pi = 3.141592653589875, N =   1000000, time = 0.00104720 secs

pi = 3.141592653589875, N =   1000000, time = 0.00100919 secs

pi = 3.141592653589873, N =   1000000, time = 0.00095967 secs

pi = 3.141592653589874, N =   1000000, time = 0.00096842 secs

pi = 3.141592653589874, N =   1000000, time = 0.00330558 secs

pi = 3.141592653589875, N =   1000000, time = 0.00095695 secs

pi = 3.141592653589875, N =   1000000, time = 0.00099048 secs

pi = 3.141592653589874, N =   1000000, time = 0.00092322 secs

Running with OMP_NUM_THREADS = 64
Serial
pi = 3.141592653589764, N =   1000000, time = 0.00192247 secs

pi = 3.141592653589764, N =   1000000, time = 0.00207787 secs

pi = 3.141592653589764, N =   1000000, time = 0.00189879 secs

pi = 3.141592653589764, N =   1000000, time = 0.00190743 secs

pi = 3.141592653589764, N =   1000000, time = 0.00189130 secs

pi = 3.141592653589764, N =   1000000, time = 0.00189022 secs

pi = 3.141592653589764, N =   1000000, time = 0.00189616 secs

pi = 3.141592653589764, N =   1000000, time = 0.00190219 secs

pi = 3.141592653589764, N =   1000000, time = 0.00188900 secs

pi = 3.141592653589764, N =   1000000, time = 0.00190252 secs

Critical
pi = 3.141592653589878, N =   1000000, time = 0.02501315 secs

pi = 3.141592653589879, N =   1000000, time = 0.00172860 secs

pi = 3.141592653589879, N =   1000000, time = 0.00178837 secs

pi = 3.141592653589877, N =   1000000, time = 0.00179759 secs

pi = 3.141592653589877, N =   1000000, time = 0.00196911 secs

pi = 3.141592653589878, N =   1000000, time = 0.00188929 secs

pi = 3.141592653589878, N =   1000000, time = 0.02280096 secs

pi = 3.141592653589879, N =   1000000, time = 0.00152190 secs

pi = 3.141592653589878, N =   1000000, time = 0.00171851 secs

pi = 3.141592653589878, N =   1000000, time = 0.00170343 secs

Reduction
pi = 3.141592653589878, N =   1000000, time = 0.00957925 secs

pi = 3.141592653589878, N =   1000000, time = 0.01076442 secs

pi = 3.141592653589878, N =   1000000, time = 0.00114747 secs

pi = 3.141592653589877, N =   1000000, time = 0.00115677 secs

pi = 3.141592653589878, N =   1000000, time = 0.00110235 secs

pi = 3.141592653589877, N =   1000000, time = 0.00584594 secs

pi = 3.141592653589877, N =   1000000, time = 0.00119901 secs

pi = 3.141592653589877, N =   1000000, time = 0.01036578 secs

pi = 3.141592653589877, N =   1000000, time = 0.00117299 secs

pi = 3.141592653589878, N =   1000000, time = 0.00113631 secs

Running with OMP_NUM_THREADS = 128
Serial
pi = 3.141592653589764, N =   1000000, time = 0.00191030 secs

pi = 3.141592653589764, N =   1000000, time = 0.00200866 secs

pi = 3.141592653589764, N =   1000000, time = 0.00188940 secs

pi = 3.141592653589764, N =   1000000, time = 0.00189022 secs

pi = 3.141592653589764, N =   1000000, time = 0.00189186 secs

pi = 3.141592653589764, N =   1000000, time = 0.00189076 secs

pi = 3.141592653589764, N =   1000000, time = 0.00189578 secs

pi = 3.141592653589764, N =   1000000, time = 0.00189155 secs

pi = 3.141592653589764, N =   1000000, time = 0.00189260 secs

pi = 3.141592653589764, N =   1000000, time = 0.00189296 secs

Critical
pi = 3.141592653589874, N =   1000000, time = 0.03138505 secs

pi = 3.141592653589876, N =   1000000, time = 0.01477776 secs

pi = 3.141592653589876, N =   1000000, time = 0.02088037 secs

pi = 3.141592653589875, N =   1000000, time = 0.03007665 secs

pi = 3.141592653589875, N =   1000000, time = 0.02105215 secs

pi = 3.141592653589875, N =   1000000, time = 0.02575166 secs

pi = 3.141592653589876, N =   1000000, time = 0.02015256 secs

pi = 3.141592653589876, N =   1000000, time = 0.01703145 secs

pi = 3.141592653589877, N =   1000000, time = 0.01738542 secs

pi = 3.141592653589876, N =   1000000, time = 0.01701096 secs

Reduction
pi = 3.141592653589876, N =   1000000, time = 0.01956578 secs

pi = 3.141592653589874, N =   1000000, time = 0.03100783 secs

pi = 3.141592653589873, N =   1000000, time = 0.01728786 secs

pi = 3.141592653589877, N =   1000000, time = 0.01611010 secs

pi = 3.141592653589876, N =   1000000, time = 0.01607139 secs

pi = 3.141592653589876, N =   1000000, time = 0.01490875 secs

pi = 3.141592653589875, N =   1000000, time = 0.01564820 secs

pi = 3.141592653589875, N =   1000000, time = 0.01540015 secs

pi = 3.141592653589876, N =   1000000, time = 0.01581670 secs

pi = 3.141592653589874, N =   1000000, time = 0.01589826 secs

Weak Scaling
Running with OMP_NUM_THREADS = 1
Serial
pi = 3.141592653589731, N =  10000000, time = 0.02533966 secs

pi = 3.141592653589731, N =  10000000, time = 0.02382833 secs

pi = 3.141592653589731, N =  10000000, time = 0.02229023 secs

pi = 3.141592653589731, N =  10000000, time = 0.02549265 secs

pi = 3.141592653589731, N =  10000000, time = 0.02293021 secs

pi = 3.141592653589731, N =  10000000, time = 0.01893751 secs

pi = 3.141592653589731, N =  10000000, time = 0.02263480 secs

pi = 3.141592653589731, N =  10000000, time = 0.01894257 secs

pi = 3.141592653589731, N =  10000000, time = 0.01893330 secs

pi = 3.141592653589731, N =  10000000, time = 0.02231351 secs

Critical
pi = 3.141592653589731, N =  10000000, time = 0.01896094 secs

pi = 3.141592653589731, N =  10000000, time = 0.01894225 secs

pi = 3.141592653589731, N =  10000000, time = 0.02046363 secs

pi = 3.141592653589731, N =  10000000, time = 0.02052988 secs

pi = 3.141592653589731, N =  10000000, time = 0.02230162 secs

pi = 3.141592653589731, N =  10000000, time = 0.01891715 secs

pi = 3.141592653589731, N =  10000000, time = 0.02011747 secs

pi = 3.141592653589731, N =  10000000, time = 0.02708690 secs

pi = 3.141592653589731, N =  10000000, time = 0.01986004 secs

pi = 3.141592653589731, N =  10000000, time = 0.01895450 secs

Reduction
pi = 3.141592653589731, N =  10000000, time = 0.02874633 secs

pi = 3.141592653589731, N =  10000000, time = 0.02628756 secs

pi = 3.141592653589731, N =  10000000, time = 0.02603632 secs

pi = 3.141592653589731, N =  10000000, time = 0.02032270 secs

pi = 3.141592653589731, N =  10000000, time = 0.02079552 secs

pi = 3.141592653589731, N =  10000000, time = 0.01890557 secs

pi = 3.141592653589731, N =  10000000, time = 0.01890955 secs

pi = 3.141592653589731, N =  10000000, time = 0.02276110 secs

pi = 3.141592653589731, N =  10000000, time = 0.02927932 secs

pi = 3.141592653589731, N =  10000000, time = 0.02253572 secs

Running with OMP_NUM_THREADS = 2
Serial
pi = 3.141592653589961, N =  20000000, time = 0.04773476 secs

pi = 3.141592653589961, N =  20000000, time = 0.05106452 secs

pi = 3.141592653589961, N =  20000000, time = 0.03879198 secs

pi = 3.141592653589961, N =  20000000, time = 0.05420439 secs

pi = 3.141592653589961, N =  20000000, time = 0.04680348 secs

pi = 3.141592653589961, N =  20000000, time = 0.03778729 secs

pi = 3.141592653589961, N =  20000000, time = 0.03777819 secs

pi = 3.141592653589961, N =  20000000, time = 0.03776262 secs

pi = 3.141592653589961, N =  20000000, time = 0.03779792 secs

pi = 3.141592653589961, N =  20000000, time = 0.03780267 secs

Critical
pi = 3.141592653589929, N =  20000000, time = 0.02696213 secs

pi = 3.141592653589929, N =  20000000, time = 0.02737219 secs

pi = 3.141592653589929, N =  20000000, time = 0.02691091 secs

pi = 3.141592653589929, N =  20000000, time = 0.02617621 secs

pi = 3.141592653589929, N =  20000000, time = 0.02655121 secs

pi = 3.141592653589929, N =  20000000, time = 0.02538214 secs

pi = 3.141592653589929, N =  20000000, time = 0.02539381 secs

pi = 3.141592653589929, N =  20000000, time = 0.02696741 secs

pi = 3.141592653589929, N =  20000000, time = 0.02706284 secs

pi = 3.141592653589929, N =  20000000, time = 0.02639856 secs

Reduction
pi = 3.141592653589929, N =  20000000, time = 0.02685313 secs

pi = 3.141592653589929, N =  20000000, time = 0.02538502 secs

pi = 3.141592653589929, N =  20000000, time = 0.02540995 secs

pi = 3.141592653589929, N =  20000000, time = 0.02814366 secs

pi = 3.141592653589929, N =  20000000, time = 0.02537438 secs

pi = 3.141592653589929, N =  20000000, time = 0.02537039 secs

pi = 3.141592653589929, N =  20000000, time = 0.02624446 secs

pi = 3.141592653589929, N =  20000000, time = 0.02538143 secs

pi = 3.141592653589929, N =  20000000, time = 0.02721214 secs

pi = 3.141592653589929, N =  20000000, time = 0.02695293 secs

Running with OMP_NUM_THREADS = 4
Serial
pi = 3.141592653588801, N =  40000000, time = 0.08775274 secs

pi = 3.141592653588801, N =  40000000, time = 0.10777548 secs

pi = 3.141592653588801, N =  40000000, time = 0.08451462 secs

pi = 3.141592653588801, N =  40000000, time = 0.07949217 secs

pi = 3.141592653588801, N =  40000000, time = 0.10759403 secs

pi = 3.141592653588801, N =  40000000, time = 0.10708904 secs

pi = 3.141592653588801, N =  40000000, time = 0.10775742 secs

pi = 3.141592653588801, N =  40000000, time = 0.10842904 secs

pi = 3.141592653588801, N =  40000000, time = 0.10418175 secs

pi = 3.141592653588801, N =  40000000, time = 0.10124641 secs

Critical
pi = 3.141592653589848, N =  40000000, time = 0.02685607 secs

pi = 3.141592653589848, N =  40000000, time = 0.02689137 secs

pi = 3.141592653589848, N =  40000000, time = 0.02557673 secs

pi = 3.141592653589848, N =  40000000, time = 0.02551580 secs

pi = 3.141592653589848, N =  40000000, time = 0.02551463 secs

pi = 3.141592653589848, N =  40000000, time = 0.02821132 secs

pi = 3.141592653589848, N =  40000000, time = 0.02552425 secs

pi = 3.141592653589848, N =  40000000, time = 0.02551094 secs

pi = 3.141592653589848, N =  40000000, time = 0.02554795 secs

pi = 3.141592653589848, N =  40000000, time = 0.02554074 secs

Reduction
pi = 3.141592653589848, N =  40000000, time = 0.02813100 secs

pi = 3.141592653589848, N =  40000000, time = 0.02551695 secs

pi = 3.141592653589848, N =  40000000, time = 0.02727230 secs

pi = 3.141592653589848, N =  40000000, time = 0.02697844 secs

pi = 3.141592653589848, N =  40000000, time = 0.02554699 secs

pi = 3.141592653589848, N =  40000000, time = 0.02556471 secs

pi = 3.141592653589848, N =  40000000, time = 0.02778663 secs

pi = 3.141592653589848, N =  40000000, time = 0.02550294 secs

pi = 3.141592653589848, N =  40000000, time = 0.02552341 secs

pi = 3.141592653589848, N =  40000000, time = 0.02564877 secs

Running with OMP_NUM_THREADS = 8
Serial
pi = 3.141592653590572, N =  80000000, time = 0.21265687 secs

pi = 3.141592653590572, N =  80000000, time = 0.20496006 secs

pi = 3.141592653590572, N =  80000000, time = 0.21247335 secs

pi = 3.141592653590572, N =  80000000, time = 0.20860482 secs

pi = 3.141592653590572, N =  80000000, time = 0.20169341 secs

pi = 3.141592653590572, N =  80000000, time = 0.21007908 secs

pi = 3.141592653590572, N =  80000000, time = 0.20529715 secs

pi = 3.141592653590572, N =  80000000, time = 0.20645309 secs

pi = 3.141592653590572, N =  80000000, time = 0.20881843 secs

pi = 3.141592653590572, N =  80000000, time = 0.20816806 secs

Critical
pi = 3.141592653589766, N =  80000000, time = 0.02782851 secs

pi = 3.141592653589765, N =  80000000, time = 0.02752182 secs

pi = 3.141592653589765, N =  80000000, time = 0.02589784 secs

pi = 3.141592653589766, N =  80000000, time = 0.02782711 secs

pi = 3.141592653589766, N =  80000000, time = 0.02798867 secs

pi = 3.141592653589765, N =  80000000, time = 0.02616644 secs

pi = 3.141592653589765, N =  80000000, time = 0.02620050 secs

pi = 3.141592653589766, N =  80000000, time = 0.02683258 secs

pi = 3.141592653589766, N =  80000000, time = 0.02697123 secs

pi = 3.141592653589765, N =  80000000, time = 0.02568497 secs

Reduction
pi = 3.141592653589765, N =  80000000, time = 0.02583598 secs

pi = 3.141592653589766, N =  80000000, time = 0.02571040 secs

pi = 3.141592653589766, N =  80000000, time = 0.02671560 secs

pi = 3.141592653589766, N =  80000000, time = 0.02569668 secs

pi = 3.141592653589766, N =  80000000, time = 0.02701849 secs

pi = 3.141592653589766, N =  80000000, time = 0.02759589 secs

pi = 3.141592653589766, N =  80000000, time = 0.02618806 secs

pi = 3.141592653589765, N =  80000000, time = 0.02765684 secs

pi = 3.141592653589765, N =  80000000, time = 0.02623452 secs

pi = 3.141592653589765, N =  80000000, time = 0.02781485 secs

Running with OMP_NUM_THREADS = 16
Serial
pi = 3.141592653589505, N = 160000000, time = 0.41164594 secs

pi = 3.141592653589505, N = 160000000, time = 0.40912932 secs

pi = 3.141592653589505, N = 160000000, time = 0.41154808 secs

pi = 3.141592653589505, N = 160000000, time = 0.41755115 secs

pi = 3.141592653589505, N = 160000000, time = 0.41653436 secs

pi = 3.141592653589505, N = 160000000, time = 0.41746809 secs

pi = 3.141592653589505, N = 160000000, time = 0.41833918 secs

pi = 3.141592653589505, N = 160000000, time = 0.41219333 secs

pi = 3.141592653589505, N = 160000000, time = 0.41747302 secs

pi = 3.141592653589505, N = 160000000, time = 0.40808142 secs

Critical
pi = 3.141592653589854, N = 160000000, time = 0.02715789 secs

pi = 3.141592653589854, N = 160000000, time = 0.02727516 secs

pi = 3.141592653589854, N = 160000000, time = 0.02691462 secs

pi = 3.141592653589854, N = 160000000, time = 0.02601272 secs

pi = 3.141592653589854, N = 160000000, time = 0.02735533 secs

pi = 3.141592653589854, N = 160000000, time = 0.02733076 secs

pi = 3.141592653589854, N = 160000000, time = 0.02748773 secs

pi = 3.141592653589854, N = 160000000, time = 0.02752395 secs

pi = 3.141592653589854, N = 160000000, time = 0.02753163 secs

pi = 3.141592653589854, N = 160000000, time = 0.02775806 secs

Reduction
pi = 3.141592653589854, N = 160000000, time = 0.02770162 secs

pi = 3.141592653589854, N = 160000000, time = 0.02775234 secs

pi = 3.141592653589854, N = 160000000, time = 0.02595886 secs

pi = 3.141592653589854, N = 160000000, time = 0.02808644 secs

pi = 3.141592653589854, N = 160000000, time = 0.02805334 secs

pi = 3.141592653589854, N = 160000000, time = 0.02804470 secs

pi = 3.141592653589854, N = 160000000, time = 0.02783089 secs

pi = 3.141592653589854, N = 160000000, time = 0.02760908 secs

pi = 3.141592653589854, N = 160000000, time = 0.02759479 secs

pi = 3.141592653589854, N = 160000000, time = 0.02763483 secs

Running with OMP_NUM_THREADS = 32
Serial
pi = 3.141592653589577, N = 320000000, time = 0.81234005 secs

pi = 3.141592653589577, N = 320000000, time = 0.83037834 secs

pi = 3.141592653589577, N = 320000000, time = 0.83211707 secs

pi = 3.141592653589577, N = 320000000, time = 0.82958865 secs

pi = 3.141592653589577, N = 320000000, time = 0.82491096 secs

pi = 3.141592653589577, N = 320000000, time = 0.83331571 secs

pi = 3.141592653589577, N = 320000000, time = 0.82481396 secs

pi = 3.141592653589577, N = 320000000, time = 0.82273397 secs

pi = 3.141592653589577, N = 320000000, time = 0.82809576 secs

pi = 3.141592653589577, N = 320000000, time = 0.82371882 secs

Critical
pi = 3.141592653589787, N = 320000000, time = 0.02790120 secs

pi = 3.141592653589786, N = 320000000, time = 0.02778648 secs

pi = 3.141592653589787, N = 320000000, time = 0.02738074 secs

pi = 3.141592653589787, N = 320000000, time = 0.02735869 secs

pi = 3.141592653589787, N = 320000000, time = 0.02740969 secs

pi = 3.141592653589786, N = 320000000, time = 0.02727601 secs

pi = 3.141592653589787, N = 320000000, time = 0.03322371 secs

pi = 3.141592653589787, N = 320000000, time = 0.02827812 secs

pi = 3.141592653589786, N = 320000000, time = 0.02801142 secs

pi = 3.141592653589787, N = 320000000, time = 0.02799855 secs

Reduction
pi = 3.141592653589786, N = 320000000, time = 0.02784517 secs

pi = 3.141592653589787, N = 320000000, time = 0.02779917 secs

pi = 3.141592653589786, N = 320000000, time = 0.02786479 secs

pi = 3.141592653589787, N = 320000000, time = 0.02775912 secs

pi = 3.141592653589786, N = 320000000, time = 0.03441497 secs

pi = 3.141592653589787, N = 320000000, time = 0.02844294 secs

pi = 3.141592653589787, N = 320000000, time = 0.02826045 secs

pi = 3.141592653589787, N = 320000000, time = 0.03273400 secs

pi = 3.141592653589786, N = 320000000, time = 0.02741198 secs

pi = 3.141592653589787, N = 320000000, time = 0.02878173 secs

Running with OMP_NUM_THREADS = 64
Serial
pi = 3.141592653589888, N = 640000000, time = 1.65319338 secs

pi = 3.141592653589888, N = 640000000, time = 1.63552797 secs

pi = 3.141592653589888, N = 640000000, time = 1.64340164 secs

pi = 3.141592653589888, N = 640000000, time = 1.65328418 secs

pi = 3.141592653589888, N = 640000000, time = 1.64274978 secs

pi = 3.141592653589888, N = 640000000, time = 1.63213775 secs

pi = 3.141592653589888, N = 640000000, time = 1.63200305 secs

pi = 3.141592653589888, N = 640000000, time = 1.64866975 secs

pi = 3.141592653589888, N = 640000000, time = 1.61846142 secs

pi = 3.141592653589888, N = 640000000, time = 1.62278602 secs

Critical
pi = 3.141592653589801, N = 640000000, time = 0.03111718 secs

pi = 3.141592653589800, N = 640000000, time = 0.02913594 secs

pi = 3.141592653589800, N = 640000000, time = 0.02881331 secs

pi = 3.141592653589801, N = 640000000, time = 0.02848010 secs

pi = 3.141592653589800, N = 640000000, time = 0.03043409 secs

pi = 3.141592653589801, N = 640000000, time = 0.02934353 secs

pi = 3.141592653589800, N = 640000000, time = 0.02907934 secs

pi = 3.141592653589800, N = 640000000, time = 0.02899162 secs

pi = 3.141592653589800, N = 640000000, time = 0.03808856 secs

pi = 3.141592653589801, N = 640000000, time = 0.06409964 secs

Reduction
pi = 3.141592653589800, N = 640000000, time = 0.02863400 secs

pi = 3.141592653589801, N = 640000000, time = 0.02842905 secs

pi = 3.141592653589801, N = 640000000, time = 0.02989705 secs

pi = 3.141592653589800, N = 640000000, time = 0.02949687 secs

pi = 3.141592653589799, N = 640000000, time = 0.03884496 secs

pi = 3.141592653589801, N = 640000000, time = 0.02875582 secs

pi = 3.141592653589800, N = 640000000, time = 0.02860720 secs

pi = 3.141592653589800, N = 640000000, time = 0.02836970 secs

pi = 3.141592653589800, N = 640000000, time = 0.03063031 secs

pi = 3.141592653589799, N = 640000000, time = 0.04551355 secs

Running with OMP_NUM_THREADS = 128
Serial
pi = 3.141592653589679, N = 1280000000, time = 3.25320945 secs

pi = 3.141592653589679, N = 1280000000, time = 3.26150771 secs

pi = 3.141592653589679, N = 1280000000, time = 3.24969584 secs

pi = 3.141592653589679, N = 1280000000, time = 3.23008543 secs

pi = 3.141592653589679, N = 1280000000, time = 3.25602156 secs

pi = 3.141592653589679, N = 1280000000, time = 3.28152934 secs

pi = 3.141592653589679, N = 1280000000, time = 3.24645872 secs

pi = 3.141592653589679, N = 1280000000, time = 3.25405016 secs

pi = 3.141592653589679, N = 1280000000, time = 3.26900026 secs

pi = 3.141592653589679, N = 1280000000, time = 3.29624935 secs

Critical
pi = 3.141592653589784, N = 1280000000, time = 0.06314306 secs

pi = 3.141592653589786, N = 1280000000, time = 0.05720877 secs

pi = 3.141592653589785, N = 1280000000, time = 0.05887171 secs

pi = 3.141592653589785, N = 1280000000, time = 0.06487026 secs

pi = 3.141592653589785, N = 1280000000, time = 0.06196622 secs

pi = 3.141592653589785, N = 1280000000, time = 0.05888369 secs

pi = 3.141592653589784, N = 1280000000, time = 0.05890624 secs

pi = 3.141592653589786, N = 1280000000, time = 0.05826825 secs

pi = 3.141592653589785, N = 1280000000, time = 0.06078040 secs

pi = 3.141592653589785, N = 1280000000, time = 0.05775000 secs

Reduction
pi = 3.141592653589785, N = 1280000000, time = 0.06667521 secs

pi = 3.141592653589786, N = 1280000000, time = 0.05801528 secs

pi = 3.141592653589785, N = 1280000000, time = 0.05822121 secs

pi = 3.141592653589785, N = 1280000000, time = 0.05177295 secs

pi = 3.141592653589785, N = 1280000000, time = 0.06082644 secs

pi = 3.141592653589785, N = 1280000000, time = 0.05885115 secs

pi = 3.141592653589785, N = 1280000000, time = 0.06034713 secs

pi = 3.141592653589784, N = 1280000000, time = 0.05592662 secs

pi = 3.141592653589785, N = 1280000000, time = 0.05777104 secs

pi = 3.141592653589786, N = 1280000000, time = 0.05810111 secs

