rm -f *.o pi_serial pi_omp_critical pi_omp_reduction *.data
/cluster/apps/gcc-4.8.5/gcc-11.4.0-xxnwhndqaqpuzs4l4ty4yj5tg2cexcg4/bin/gcc -c -O2 -fopenmp pi_serial.c
/cluster/apps/gcc-4.8.5/gcc-11.4.0-xxnwhndqaqpuzs4l4ty4yj5tg2cexcg4/bin/gcc -c -O2 -fopenmp walltime.c
/cluster/apps/gcc-4.8.5/gcc-11.4.0-xxnwhndqaqpuzs4l4ty4yj5tg2cexcg4/bin/gcc -O2 -fopenmp pi_serial.o walltime.o -o pi_serial
/cluster/apps/gcc-4.8.5/gcc-11.4.0-xxnwhndqaqpuzs4l4ty4yj5tg2cexcg4/bin/gcc -c -O2 -fopenmp pi_omp_critical.c
/cluster/apps/gcc-4.8.5/gcc-11.4.0-xxnwhndqaqpuzs4l4ty4yj5tg2cexcg4/bin/gcc -O2 -fopenmp pi_omp_critical.o walltime.o -o pi_omp_critical
/cluster/apps/gcc-4.8.5/gcc-11.4.0-xxnwhndqaqpuzs4l4ty4yj5tg2cexcg4/bin/gcc -c -O2 -fopenmp pi_omp_reduction.c
/cluster/apps/gcc-4.8.5/gcc-11.4.0-xxnwhndqaqpuzs4l4ty4yj5tg2cexcg4/bin/gcc -O2 -fopenmp pi_omp_reduction.o walltime.o -o pi_omp_reduction
Running with OMP_NUM_THREADS=1
pi = 3.141592653589764, N =   1000000, time = 0.00304720 secs
pi = 3.141592653589764, N =   1000000, time = 0.00311299 secs
Running with OMP_NUM_THREADS=2
pi = 3.141592653589899, N =   1000000, time = 0.00164483 secs
pi = 3.141592653589899, N =   1000000, time = 0.00161678 secs
Running with OMP_NUM_THREADS=4
pi = 3.141592653589876, N =   1000000, time = 0.00095412 secs
pi = 3.141592653589876, N =   1000000, time = 0.00091200 secs
Running with OMP_NUM_THREADS=8
pi = 3.141592653589871, N =   1000000, time = 0.01497623 secs
pi = 3.141592653589871, N =   1000000, time = 0.01725132 secs
Running with OMP_NUM_THREADS=16
pi = 3.141592653589873, N =   1000000, time = 0.02938688 secs
pi = 3.141592653589873, N =   1000000, time = 0.02301876 secs
Running with OMP_NUM_THREADS=32
pi = 3.141592653589873, N =   1000000, time = 0.03034433 secs
pi = 3.141592653589875, N =   1000000, time = 0.05203041 secs
Running with OMP_NUM_THREADS=64
pi = 3.141592653589877, N =   1000000, time = 0.00200050 secs
pi = 3.141592653589879, N =   1000000, time = 0.00182742 secs
Running with OMP_NUM_THREADS=128
pi = 3.141592653589874, N =   1000000, time = 0.00399576 secs
pi = 3.141592653589876, N =   1000000, time = 0.00405441 secs
serial
pi = 3.141592653589764, N =   1000000, time = 0.00303447 secs
