
The following have been reloaded with a version change:
  1) gcc/4.8.5 => gcc/11.4.0

ERROR: CG failed to converge
step 1 ERROR : nonlinear iterations failed to converge
ERROR: CG failed to converge
step 1 ERROR : nonlinear iterations failed to converge
ERROR: CG failed to converge
step 1 ERROR : nonlinear iterations failed to converge
ERROR: CG failed to converge
step 1 ERROR : nonlinear iterations failed to converge
ERROR: CG failed to converge
step 1 ERROR : nonlinear iterations failed to converge
ERROR: CG failed to converge
step 1 ERROR : nonlinear iterations failed to converge
ERROR: CG failed to converge
step 1 ERROR : nonlinear iterations failed to converge
ERROR: CG failed to converge
step 1 ERROR : nonlinear iterations failed to converge
ERROR: CG failed to converge
step 1 ERROR : nonlinear iterations failed to converge
ERROR: CG failed to converge
step 1 ERROR : nonlinear iterations failed to converge
No artists with labels found to put in legend.  Note that artists whose label start with an underscore are ignored when legend() is called with no argument.
ERROR: CG failed to converge
step 1 ERROR : nonlinear iterations failed to converge
ERROR: CG failed to converge
step 1 ERROR : nonlinear iterations failed to converge
ERROR: CG failed to converge
step 1 ERROR : nonlinear iterations failed to converge
ERROR: CG failed to converge
step 1 ERROR : nonlinear iterations failed to converge
ERROR: CG failed to converge
step 1 ERROR : nonlinear iterations failed to converge
ERROR: CG failed to converge
step 1 ERROR : nonlinear iterations failed to converge
ERROR: CG failed to converge
step 1 ERROR : nonlinear iterations failed to converge
ERROR: CG failed to converge
step 1 ERROR : nonlinear iterations failed to converge
ERROR: CG failed to converge
step 1 ERROR : nonlinear iterations failed to converge
ERROR: CG failed to converge
step 1 ERROR : nonlinear iterations failed to converge
No artists with labels found to put in legend.  Note that artists whose label start with an underscore are ignored when legend() is called with no argument.
ERROR: CG failed to converge
step 1 ERROR : nonlinear iterations failed to converge
ERROR: CG failed to converge
step 1 ERROR : nonlinear iterations failed to converge
ERROR: CG failed to converge
step 1 ERROR : nonlinear iterations failed to converge
ERROR: CG failed to converge
step 1 ERROR : nonlinear iterations failed to converge
ERROR: CG failed to converge
step 1 ERROR : nonlinear iterations failed to converge
ERROR: CG failed to converge
step 1 ERROR : nonlinear iterations failed to converge
ERROR: CG failed to converge
step 1 ERROR : nonlinear iterations failed to converge
ERROR: CG failed to converge
step 1 ERROR : nonlinear iterations failed to converge
ERROR: CG failed to converge
step 1 ERROR : nonlinear iterations failed to converge
ERROR: CG failed to converge
step 1 ERROR : nonlinear iterations failed to converge
ERROR: CG failed to converge
step 1 ERROR : nonlinear iterations failed to converge
ERROR: CG failed to converge
step 1 ERROR : nonlinear iterations failed to converge
ERROR: CG failed to converge
step 1 ERROR : nonlinear iterations failed to converge
ERROR: CG failed to converge
step 1 ERROR : nonlinear iterations failed to converge
ERROR: CG failed to converge
step 1 ERROR : nonlinear iterations failed to converge
ERROR: CG failed to converge
step 1 ERROR : nonlinear iterations failed to converge
ERROR: CG failed to converge
step 1 ERROR : nonlinear iterations failed to converge
ERROR: CG failed to converge
step 1 ERROR : nonlinear iterations failed to converge
ERROR: CG failed to converge
step 1 ERROR : nonlinear iterations failed to converge
ERROR: CG failed to converge
step 1 ERROR : nonlinear iterations failed to converge
No artists with labels found to put in legend.  Note that artists whose label start with an underscore are ignored when legend() is called with no argument.
