make: Entering directory '/cluster/home/ngigler/HPC_Lab/project_3/mini_app/sequential'
rm -f main walltime.o   stats.o   data.o   operators.o   linalg.o   main.o output.*
make: Leaving directory '/cluster/home/ngigler/HPC_Lab/project_3/mini_app/sequential'
make: Entering directory '/cluster/home/ngigler/HPC_Lab/project_3/mini_app/sequential'
/cluster/apps/gcc-4.8.5/gcc-11.4.0-xxnwhndqaqpuzs4l4ty4yj5tg2cexcg4/bin/g++ -O3 -fopenmp -c walltime.cpp
/cluster/apps/gcc-4.8.5/gcc-11.4.0-xxnwhndqaqpuzs4l4ty4yj5tg2cexcg4/bin/g++ -O3 -fopenmp -c stats.cpp
/cluster/apps/gcc-4.8.5/gcc-11.4.0-xxnwhndqaqpuzs4l4ty4yj5tg2cexcg4/bin/g++ -O3 -fopenmp -c data.cpp
/cluster/apps/gcc-4.8.5/gcc-11.4.0-xxnwhndqaqpuzs4l4ty4yj5tg2cexcg4/bin/g++ -O3 -fopenmp -c operators.cpp
/cluster/apps/gcc-4.8.5/gcc-11.4.0-xxnwhndqaqpuzs4l4ty4yj5tg2cexcg4/bin/g++ -O3 -fopenmp -c linalg.cpp
/cluster/apps/gcc-4.8.5/gcc-11.4.0-xxnwhndqaqpuzs4l4ty4yj5tg2cexcg4/bin/g++ -O3 -fopenmp -c main.cpp
/cluster/apps/gcc-4.8.5/gcc-11.4.0-xxnwhndqaqpuzs4l4ty4yj5tg2cexcg4/bin/g++ -O3 -fopenmp walltime.o   stats.o   data.o   operators.o   linalg.o   main.o -o main
make: Leaving directory '/cluster/home/ngigler/HPC_Lab/project_3/mini_app/sequential'
make: Entering directory '/cluster/home/ngigler/HPC_Lab/project_3/mini_app/parallel'
rm -f main walltime.o   stats.o   data.o   operators.o   linalg.o   main.o output.*
make: Leaving directory '/cluster/home/ngigler/HPC_Lab/project_3/mini_app/parallel'
make: Entering directory '/cluster/home/ngigler/HPC_Lab/project_3/mini_app/parallel'
/cluster/apps/gcc-4.8.5/gcc-11.4.0-xxnwhndqaqpuzs4l4ty4yj5tg2cexcg4/bin/g++ -O3 -fopenmp -c walltime.cpp
/cluster/apps/gcc-4.8.5/gcc-11.4.0-xxnwhndqaqpuzs4l4ty4yj5tg2cexcg4/bin/g++ -O3 -fopenmp -c stats.cpp
/cluster/apps/gcc-4.8.5/gcc-11.4.0-xxnwhndqaqpuzs4l4ty4yj5tg2cexcg4/bin/g++ -O3 -fopenmp -c data.cpp
/cluster/apps/gcc-4.8.5/gcc-11.4.0-xxnwhndqaqpuzs4l4ty4yj5tg2cexcg4/bin/g++ -O3 -fopenmp -c operators.cpp
/cluster/apps/gcc-4.8.5/gcc-11.4.0-xxnwhndqaqpuzs4l4ty4yj5tg2cexcg4/bin/g++ -O3 -fopenmp -c linalg.cpp
/cluster/apps/gcc-4.8.5/gcc-11.4.0-xxnwhndqaqpuzs4l4ty4yj5tg2cexcg4/bin/g++ -O3 -fopenmp -c main.cpp
/cluster/apps/gcc-4.8.5/gcc-11.4.0-xxnwhndqaqpuzs4l4ty4yj5tg2cexcg4/bin/g++ -O3 -fopenmp walltime.o   stats.o   data.o   operators.o   linalg.o   main.o -o main
make: Leaving directory '/cluster/home/ngigler/HPC_Lab/project_3/mini_app/parallel'
